Log file open, 12/19/18 16:42:13
LogWindows: Failed to load 'aqProf.dll' (GetLastError=126)
LogWindows: File 'aqProf.dll' does not exist
LogWindows: Failed to load 'VSPerf140.dll' (GetLastError=126)
LogWindows: File 'VSPerf140.dll' does not exist
LogWindows: Failed to load 'VtuneApi.dll' (GetLastError=126)
LogWindows: File 'VtuneApi.dll' does not exist
LogWindows: Failed to load 'VtuneApi32e.dll' (GetLastError=126)
LogWindows: File 'VtuneApi32e.dll' does not exist
LogInit: Display: Running engine for game: final
LogPlatformFile: Not using cached read wrapper
LogTaskGraph: Started task graph with 5 named threads and 23 total threads with 3 sets of task threads.
LogStats: Stats thread started at 0.313663
LogD3D11RHI: Loaded GFSDK_Aftermath_Lib.x64.dll
LogICUInternationalization: Display: ICU TimeZone Detection - Raw Offset: +1:00, Platform Override: ''
LogPluginManager: Mounting plugin Paper2D
LogPluginManager: Mounting plugin AISupport
LogPluginManager: Mounting plugin LightPropagationVolume
LogPluginManager: Mounting plugin CLionSourceCodeAccess
LogPluginManager: Mounting plugin CodeLiteSourceCodeAccess
LogPluginManager: Mounting plugin GitSourceControl
LogPluginManager: Mounting plugin KDevelopSourceCodeAccess
LogPluginManager: Mounting plugin NullSourceCodeAccess
LogPluginManager: Mounting plugin PerforceSourceControl
LogPluginManager: Mounting plugin SubversionSourceControl
LogPluginManager: Mounting plugin UObjectPlugin
LogPluginManager: Mounting plugin VisualStudioCodeSourceCodeAccess
LogPluginManager: Mounting plugin VisualStudioSourceCodeAccess
LogPluginManager: Mounting plugin XCodeSourceCodeAccess
LogPluginManager: Mounting plugin AssetManagerEditor
LogPluginManager: Mounting plugin CryptoKeys
LogPluginManager: Mounting plugin DataValidation
LogPluginManager: Mounting plugin EditorScriptingUtilities
LogPluginManager: Mounting plugin FacialAnimation
LogPluginManager: Mounting plugin GameplayTagsEditor
LogPluginManager: Mounting plugin MacGraphicsSwitching
LogPluginManager: Mounting plugin MeshEditor
LogPluginManager: Mounting plugin MobileLauncherProfileWizard
LogPluginManager: Mounting plugin PluginBrowser
LogPluginManager: Mounting plugin SpeedTreeImporter
LogPluginManager: Mounting plugin DatasmithContent
LogPluginManager: Mounting plugin AlembicImporter
LogPluginManager: Mounting plugin AppleImageUtils
LogPluginManager: Mounting plugin AppleVision
LogPluginManager: Mounting plugin BackChannel
LogPluginManager: Mounting plugin CharacterAI
LogPluginManager: Mounting plugin GeometryCache
LogPluginManager: Mounting plugin HTML5Networking
LogPluginManager: Mounting plugin ProxyLODPlugin
LogPluginManager: Mounting plugin MagicLeap
LogPluginManager: Mounting plugin MagicLeapEmulator
LogPluginManager: Mounting plugin MagicLeapMedia
LogPluginManager: Mounting plugin UE4EditorCustomize
LogPluginManager: Mounting plugin Substance
LogPluginManager: Mounting plugin AndroidMedia
LogPluginManager: Mounting plugin AvfMedia
LogPluginManager: Mounting plugin ImgMedia
LogPluginManager: Mounting plugin LinearTimecode
LogPluginManager: Mounting plugin MediaCompositing
LogPluginManager: Mounting plugin MediaPlayerEditor
LogPluginManager: Mounting plugin WmfMedia
LogPluginManager: Mounting plugin TcpMessaging
LogPluginManager: Mounting plugin UdpMessaging
LogPluginManager: Mounting plugin ActorSequence
LogPluginManager: Mounting plugin LevelSequenceEditor
LogPluginManager: Mounting plugin MatineeToLevelSequence
LogPluginManager: Mounting plugin NetcodeUnitTest
LogPluginManager: Mounting plugin NUTUnrealEngine4
LogPluginManager: Mounting plugin OnlineSubsystemGooglePlay
LogPluginManager: Mounting plugin OnlineSubsystemIOS
LogPluginManager: Mounting plugin OnlineSubsystem
LogPluginManager: Mounting plugin OnlineSubsystemNull
LogPluginManager: Mounting plugin OnlineSubsystemUtils
LogPluginManager: Mounting plugin LauncherChunkInstaller
LogPluginManager: Mounting plugin AndroidDeviceProfileSelector
LogPluginManager: Mounting plugin AndroidMoviePlayer
LogPluginManager: Mounting plugin AndroidPermission
LogPluginManager: Mounting plugin AppleMoviePlayer
LogPluginManager: Mounting plugin ArchVisCharacter
LogPluginManager: Mounting plugin AudioCapture
LogPluginManager: Mounting plugin CableComponent
LogPluginManager: Mounting plugin CustomMeshComponent
LogPluginManager: Mounting plugin EditableMesh
LogPluginManager: Mounting plugin ExampleDeviceProfileSelector
LogPluginManager: Mounting plugin GoogleCloudMessaging
LogPluginManager: Mounting plugin ImmediatePhysics
LogPluginManager: Mounting plugin IOSDeviceProfileSelector
LogPluginManager: Mounting plugin LinuxDeviceProfileSelector
LogPluginManager: Mounting plugin LocationServicesBPLibrary
LogPluginManager: Mounting plugin MobilePatchingUtils
LogPluginManager: Mounting plugin OculusVR
LogPluginManager: Plugin shader directory ../../../Engine/Plugins/Runtime/Oculus/OculusVR/Shaders found
LogPluginManager: Mapping shader source directory ../../../Engine/Plugins/Runtime/Oculus/OculusVR/Shaders to virtual directory /Plugin/OculusVR
LogPluginManager: Mounting plugin PhysXVehicles
LogPluginManager: Mounting plugin ProceduralMeshComponent
LogPluginManager: Mounting plugin RuntimePhysXCooking
LogPluginManager: Mounting plugin SteamVR
LogPluginManager: Mounting plugin WindowsMoviePlayer
LogPluginManager: Mounting plugin DatasmithCADImporter
LogPluginManager: Mounting plugin DatasmithFBXImporter
LogPluginManager: Mounting plugin DatasmithImporter
LogPluginManager: Mounting plugin DatasmithMDLImporter
LogPluginManager: Mounting plugin StaticMeshEditorExtension
LogStreaming: Display: Took  0.266s to configure plugins.
LogInit: Using libcurl 7.55.1-DEV
LogInit:  - built for x86_64-pc-win32
LogInit:  - supports SSL with OpenSSL/1.0.2h
LogInit:  - supports HTTP deflate (compression) using libz 1.2.8
LogInit:  - other features:
LogInit:      CURL_VERSION_SSL
LogInit:      CURL_VERSION_LIBZ
LogInit:      CURL_VERSION_IPV6
LogInit:      CURL_VERSION_ASYNCHDNS
LogInit:      CURL_VERSION_LARGEFILE
LogInit:      CURL_VERSION_IDN
LogInit:  CurlRequestOptions (configurable via config and command line):
LogInit:  - bVerifyPeer = false  - Libcurl will NOT verify peer certificate
LogInit:  - bUseHttpProxy = false  - Libcurl will NOT use HTTP proxy
LogInit:  - bDontReuseConnections = false  - Libcurl will reuse connections
LogInit:  - CertBundlePath = nullptr  - Libcurl will use whatever was configured at build time.
LogInit:  - MaxHostConnections = 16  - Libcurl will limit the number of connections to a host
LogInit:  - LocalHostAddr = Default
LogInit:  - BufferSize = 65536
LogInit: WinSock: version 1.1 (2.2), MaxSocks=32767, MaxUdp=65467
LogInit: Build: ++UE4+Release-4.20-CL-4369336
LogInit: Engine Version: 4.20.3-4369336+++UE4+Release-4.20
LogInit: Compatible Engine Version: 4.20.0-4212847+++UE4+Release-4.20
LogInit: Net CL: 4212847
LogInit: OS: Windows 10 (), CPU: AMD Ryzen 5 1500X Quad-Core Processor          , GPU: NVIDIA GeForce GTX 1060 6GB
LogInit: Compiled (64-bit): Sep 17 2018 12:26:19
LogInit: Compiled with Visual C++: 19.13.26129.00
LogInit: Build Configuration: Development
LogInit: Branch Name: ++UE4+Release-4.20
LogInit: Command Line: -EpicPortal  -epicusername="tykoph" -epicuserid=23802913026a45a4be87260bf4429cfd -epiclocale=fr-FR
LogInit: Base Directory: E:/Program Files/Epic Games/UE_4.20/Engine/Binaries/Win64/
LogInit: Installed Engine Build: 1
LogDevObjectVersion: Number of dev versions registered: 20
LogDevObjectVersion:   Dev-Blueprints (B0D832E4-1F89-4F0D-ACCF-7EB736FD4AA2): 10
LogDevObjectVersion:   Dev-Build (E1C64328-A22C-4D53-A36C-8E866417BD8C): 0
LogDevObjectVersion:   Dev-Core (375EC13C-06E4-48FB-B500-84F0262A717E): 2
LogDevObjectVersion:   Dev-Editor (E4B068ED-F494-42E9-A231-DA0B2E46BB41): 24
LogDevObjectVersion:   Dev-Framework (CFFC743F-43B0-4480-9391-14DF171D2073): 34
LogDevObjectVersion:   Dev-Mobile (B02B49B5-BB20-44E9-A304-32B752E40360): 2
LogDevObjectVersion:   Dev-Networking (A4E4105C-59A1-49B5-A7C5-40C4547EDFEE): 0
LogDevObjectVersion:   Dev-Online (39C831C9-5AE6-47DC-9A44-9C173E1C8E7C): 0
LogDevObjectVersion:   Dev-Physics (78F01B33-EBEA-4F98-B9B4-84EACCB95AA2): 0
LogDevObjectVersion:   Dev-Platform (6631380F-2D4D-43E0-8009-CF276956A95A): 0
LogDevObjectVersion:   Dev-Rendering (12F88B9F-8875-4AFC-A67C-D90C383ABD29): 26
LogDevObjectVersion:   Dev-Sequencer (7B5AE74C-D270-4C10-A958-57980B212A5A): 9
LogDevObjectVersion:   Dev-VR (D7296918-1DD6-4BDD-9DE2-64A83CC13884): 2
LogDevObjectVersion:   Dev-LoadTimes (C2A15278-BFE7-4AFE-6C17-90FF531DF755): 1
LogDevObjectVersion:   Private-Geometry (6EACA3D4-40EC-4CC1-B786-8BED09428FC5): 3
LogDevObjectVersion:   Dev-AnimPhys (29E575DD-E0A3-4627-9D10-D276232CDCEA): 17
LogDevObjectVersion:   Dev-ReflectionCapture (6B266CEC-1EC7-4B8F-A30B-E4D90942FC07): 1
LogDevObjectVersion:   Dev-Automation (0DF73D61-A23F-47EA-B727-89E90C41499A): 1
LogDevObjectVersion:   FortniteMain (601D1886-AC64-4F84-AA16-D3DE0DEAC7D6): 12
LogDevObjectVersion:   Dev-Enterprise (9DFFBCD6-494F-0158-E221-12823C92A888): 1
LogStreaming: Display: Took  0.000s to delete old logs.
LogInit: Presizing for max 8388607 objects, including 0 objects not considered by GC, pre-allocating 0 bytes for permanent pool.
LogInit: Object subsystem initialized
[2018.12.19-15.42.15:229][  0]LogInit: Selected Device Profile: [Windows]
[2018.12.19-15.42.15:229][  0]LogInit: Applying CVar settings loaded from the selected device profile: [Windows]
[2018.12.19-15.42.15:254][  0]LogHAL: Display: Platform has ~ 16 GB [17128787968 / 17179869184 / 16], which maps to Larger [LargestMinGB=32, LargerMinGB=12, DefaultMinGB=8, SmallerMinGB=6, SmallestMinGB=0)
[2018.12.19-15.42.15:254][  0]LogInit: Setting Device Profile CVar: [[r.Vulkan.UseRealUBs:1]]
[2018.12.19-15.42.15:254][  0]LogInit: Going up to parent DeviceProfile []
[2018.12.19-15.42.15:255][  0]LogInit: Computer: DESKTOP-A93TP3P
[2018.12.19-15.42.15:255][  0]LogInit: User: Tom
[2018.12.19-15.42.15:255][  0]LogInit: CPU Page size=4096, Cores=4
[2018.12.19-15.42.15:255][  0]LogInit: High frequency timer resolution =14.318180 MHz
[2018.12.19-15.42.15:255][  0]LogMemory: Memory total: Physical=16.0GB (16GB approx)
[2018.12.19-15.42.15:255][  0]LogMemory: Platform Memory Stats for Windows
[2018.12.19-15.42.15:255][  0]LogMemory: Process Physical Memory: 99.14 MB used, 99.14 MB peak
[2018.12.19-15.42.15:255][  0]LogMemory: Process Virtual Memory: 90.89 MB used, 90.89 MB peak
[2018.12.19-15.42.15:255][  0]LogMemory: Physical Memory: 7269.57 MB used,  9065.72 MB free, 16335.29 MB total
[2018.12.19-15.42.15:255][  0]LogMemory: Virtual Memory: 4640.35 MB used,  9065.72 MB free, 134217728.00 MB total
[2018.12.19-15.42.15:293][  0]LogInit: Using OS detected language (fr-FR).
[2018.12.19-15.42.15:293][  0]LogInit: Using OS detected locale (fr-FR).
[2018.12.19-15.42.15:294][  0]LogTextLocalizationManager: No specific localization for 'fr-FR' exists, so the 'fr' localization will be used.
[2018.12.19-15.42.15:298][  0]LogStreaming: Display: Took  0.006s to InitEngineTextLocalization.
[2018.12.19-15.42.15:299][  0]LogInit: Setting process to per monitor DPI aware
[2018.12.19-15.42.15:378][  0]LogSlate: New Slate User Created.  User Index 0, Is Virtual User: 0
[2018.12.19-15.42.15:378][  0]LogSlate: Slate User Registered.  User Index 0, Is Virtual User: 0
[2018.12.19-15.42.15:695][  0]LogHMD: Failed to initialize OpenVR with code 110
[2018.12.19-15.42.15:695][  0]LogD3D11RHI: D3D11 adapters:
[2018.12.19-15.42.15:805][  0]LogD3D11RHI:    0. 'NVIDIA GeForce GTX 1060 6GB' (Feature Level 11_0)
[2018.12.19-15.42.15:805][  0]LogD3D11RHI:       6052/0/8167 MB DedicatedVideo/DedicatedSystem/SharedSystem, Outputs:2, VendorId:0x10de
[2018.12.19-15.42.15:809][  0]LogD3D11RHI:    1. 'Microsoft Basic Render Driver' (Feature Level 11_0)
[2018.12.19-15.42.15:809][  0]LogD3D11RHI:       0/0/8167 MB DedicatedVideo/DedicatedSystem/SharedSystem, Outputs:0, VendorId:0x1414
[2018.12.19-15.42.15:809][  0]LogD3D11RHI: Chosen D3D11 Adapter: 0
[2018.12.19-15.42.15:826][  0]LogD3D11RHI: Creating new Direct3DDevice
[2018.12.19-15.42.15:826][  0]LogD3D11RHI:     GPU DeviceId: 0x1c03 (for the marketing name, search the web for "GPU Device Id")
[2018.12.19-15.42.15:826][  0]LogWindows: EnumDisplayDevices:
[2018.12.19-15.42.15:827][  0]LogWindows:    0. 'NVIDIA GeForce GTX 1060 6GB' (P:1 D:1)
[2018.12.19-15.42.15:827][  0]LogWindows:    1. 'NVIDIA GeForce GTX 1060 6GB' (P:0 D:1)
[2018.12.19-15.42.15:828][  0]LogWindows:    2. 'NVIDIA GeForce GTX 1060 6GB' (P:0 D:0)
[2018.12.19-15.42.15:828][  0]LogWindows:    3. 'NVIDIA GeForce GTX 1060 6GB' (P:0 D:0)
[2018.12.19-15.42.15:828][  0]LogWindows: DebugString: FoundDriverCount:4 
[2018.12.19-15.42.15:829][  0]LogD3D11RHI:     Adapter Name: NVIDIA GeForce GTX 1060 6GB
[2018.12.19-15.42.15:829][  0]LogD3D11RHI:   Driver Version: 417.35 (internal:25.21.14.1735, unified:417.35)
[2018.12.19-15.42.15:829][  0]LogD3D11RHI:      Driver Date: 12-11-2018
[2018.12.19-15.42.15:829][  0]LogRHI: Texture pool is 4236 MB (70% of 6052 MB)
[2018.12.19-15.42.15:908][  0]LogD3D11RHI: Async texture creation enabled
[2018.12.19-15.42.15:948][  0]LogD3D11RHI: GPU Timing Frequency: 1000.000000 (Debug: 2 2)
[2018.12.19-15.42.16:048][  0]LogShaderCompilers: Guid format shader working directory is -1 characters bigger than the processId version (G:/TPE/__final/final/Intermediate/Shaders/WorkingDirectory/18516/).
[2018.12.19-15.42.16:049][  0]LogShaderCompilers: Cleaned the shader compiler working directory 'E:/TEMP/UnrealShaderWorkingDir/DB89AF504115C16B4E97DB9F8AE01FE6/'.
[2018.12.19-15.42.16:502][  0]LogTemp: Display: Loaded TP AllDesktopTargetPlatform
[2018.12.19-15.42.16:524][  0]LogTemp: Display: Loaded TP MacClientTargetPlatform
[2018.12.19-15.42.16:546][  0]LogTemp: Display: Loaded TP MacNoEditorTargetPlatform
[2018.12.19-15.42.16:569][  0]LogTemp: Display: Loaded TP MacServerTargetPlatform
[2018.12.19-15.42.16:592][  0]LogTemp: Display: Loaded TP MacTargetPlatform
[2018.12.19-15.42.16:614][  0]LogTemp: Display: Loaded TP WindowsClientTargetPlatform
[2018.12.19-15.42.16:638][  0]LogTemp: Display: Loaded TP WindowsNoEditorTargetPlatform
[2018.12.19-15.42.16:661][  0]LogTemp: Display: Loaded TP WindowsServerTargetPlatform
[2018.12.19-15.42.16:672][  0]LogTemp: Display: Loaded TP WindowsTargetPlatform
[2018.12.19-15.42.16:817][  0]LogTemp: Display: Loaded TP AndroidTargetPlatform
[2018.12.19-15.42.16:817][  0]LogTemp: Display: Loaded TP AndroidTargetPlatform
[2018.12.19-15.42.16:817][  0]LogTemp: Display: Loaded TP AndroidTargetPlatform
[2018.12.19-15.42.16:817][  0]LogTemp: Display: Loaded TP AndroidTargetPlatform
[2018.12.19-15.42.16:817][  0]LogTemp: Display: Loaded TP AndroidTargetPlatform
[2018.12.19-15.42.16:817][  0]LogTemp: Display: Loaded TP AndroidTargetPlatform
[2018.12.19-15.42.16:817][  0]LogTemp: Display: Loaded TP AndroidTargetPlatform
[2018.12.19-15.42.16:817][  0]LogTemp: Display: Loaded TP AndroidTargetPlatform
[2018.12.19-15.42.16:817][  0]LogTemp: Display: Loaded TP AndroidTargetPlatform
[2018.12.19-15.42.16:817][  0]LogTemp: Display: Loaded TP AndroidTargetPlatform
[2018.12.19-15.42.16:817][  0]LogTemp: Display: Loaded TP AndroidTargetPlatform
[2018.12.19-15.42.16:817][  0]LogTemp: Display: Loaded TP AndroidTargetPlatform
[2018.12.19-15.42.16:817][  0]LogTemp: Display: Loaded TP AndroidTargetPlatform
[2018.12.19-15.42.16:817][  0]LogTemp: Display: Loaded TP AndroidTargetPlatform
[2018.12.19-15.42.16:817][  0]LogTemp: Display: Loaded TP AndroidTargetPlatform
[2018.12.19-15.42.16:817][  0]LogTemp: Display: Loaded TP AndroidTargetPlatform
[2018.12.19-15.42.16:817][  0]LogTemp: Display: Loaded TP AndroidTargetPlatform
[2018.12.19-15.42.16:817][  0]LogTemp: Display: Loaded TP AndroidTargetPlatform
[2018.12.19-15.42.16:820][  0]LogTemp: Display: Loaded TP HTML5TargetPlatform
[2018.12.19-15.42.16:907][  0]LogTemp: Display: Loaded TP IOSTargetPlatform
[2018.12.19-15.42.16:907][  0]LogTemp: Display: Loaded TP IOSTargetPlatform
[2018.12.19-15.42.16:958][  0]LogTemp: Display: Loaded TP TVOSTargetPlatform
[2018.12.19-15.42.16:958][  0]LogTemp: Display: Loaded TP TVOSTargetPlatform
[2018.12.19-15.42.16:991][  0]LogTemp: Display: Loaded TP LinuxClientTargetPlatform
[2018.12.19-15.42.17:027][  0]LogTemp: Display: Loaded TP LinuxNoEditorTargetPlatform
[2018.12.19-15.42.17:072][  0]LogTemp: Display: Loaded TP LinuxServerTargetPlatform
[2018.12.19-15.42.17:102][  0]LogTemp: Display: Loaded TP LinuxTargetPlatform
[2018.12.19-15.42.17:128][  0]LogTemp: Display: Loaded TP LuminTargetPlatform
[2018.12.19-15.42.17:128][  0]LogTargetPlatformManager: Display: Building Assets For Windows
[2018.12.19-15.42.17:264][  0]LogXGEController: Cannot use XGE Controller as Incredibuild is not installed on this machine.
[2018.12.19-15.42.17:264][  0]LogShaderCompilers: Cannot use XGE Shader Compiler as Incredibuild is not installed on this machine.
[2018.12.19-15.42.17:264][  0]LogShaderCompilers: Display: Using Local Shader Compiler.
[2018.12.19-15.42.18:926][  0]LogDerivedDataCache: Display: Max Cache Size: 512 MB
[2018.12.19-15.42.19:030][  0]LogDerivedDataCache: Loaded boot cache 0.10s 72MB C:/Users/Tom/AppData/Local/UnrealEngine/4.20/DerivedDataCache/Boot.ddc.
[2018.12.19-15.42.19:031][  0]LogDerivedDataCache: Display: Loaded Boot cache: C:/Users/Tom/AppData/Local/UnrealEngine/4.20/DerivedDataCache/Boot.ddc
[2018.12.19-15.42.19:031][  0]LogDerivedDataCache: FDerivedDataBackendGraph:  Pak pak cache file G:/TPE/__final/final/DerivedDataCache/DDC.ddp not found, will not use a pak cache.
[2018.12.19-15.42.19:031][  0]LogDerivedDataCache: Unable to find inner node Pak for hierarchical cache Hierarchy.
[2018.12.19-15.42.19:031][  0]LogDerivedDataCache: FDerivedDataBackendGraph:  CompressedPak pak cache file G:/TPE/__final/final/DerivedDataCache/Compressed.ddp not found, will not use a pak cache.
[2018.12.19-15.42.19:031][  0]LogDerivedDataCache: Unable to find inner node CompressedPak for hierarchical cache Hierarchy.
[2018.12.19-15.42.19:053][  0]LogDerivedDataCache: Display: Pak cache opened for reading ../../../Engine/DerivedDataCache/Compressed.ddp.
[2018.12.19-15.42.19:066][  0]LogDerivedDataCache: Using Local data cache path C:/Users/Tom/AppData/Local/UnrealEngine/Common/DerivedDataCache: Writable
[2018.12.19-15.42.19:066][  0]LogDerivedDataCache: Shared data cache path not found in *engine.ini, will not use an Shared cache.
[2018.12.19-15.42.19:066][  0]LogDerivedDataCache: Unable to find inner node Shared for hierarchical cache Hierarchy.
[2018.12.19-15.42.19:098][  0]LogMaterial: Verifying Global Shaders for PCD3D_SM5
[2018.12.19-15.42.19:100][  0]LogSlate: Using FreeType 2.6.0
[2018.12.19-15.42.19:100][  0]LogSlate: SlateFontServices - WITH_FREETYPE: 1, WITH_HARFBUZZ: 1
[2018.12.19-15.42.19:211][  0]LogAssetRegistry: FAssetRegistry took 0.0324 seconds to start up
[2018.12.19-15.42.19:797][  0]LogInit: Selected Device Profile: [Windows]
[2018.12.19-15.42.19:996][  0]LogSimplygon: Simplygon DLL not present - disabling.
[2018.12.19-15.42.20:002][  0]LogMeshReduction: Using SimplygonSwarm for distributed automatic mesh merging
[2018.12.19-15.42.20:002][  0]LogMeshReduction: Using ProxyLODMeshReduction for automatic mesh merging
[2018.12.19-15.42.20:002][  0]LogMeshReduction: Using QuadricMeshReduction for automatic static mesh reduction
[2018.12.19-15.42.20:002][  0]LogMeshReduction: No automatic skeletal mesh reduction module available
[2018.12.19-15.42.20:040][  0]LogNetVersion: final 1.0.0, NetCL: 4212847, EngineNetVer: 5, GameNetVer: 0 (Checksum: 3981027112)
[2018.12.19-15.42.20:967][  0]LogPackageLocalizationCache: Processed 14 localized package path(s) for 2 prioritized culture(s) in 0.254053 seconds
[2018.12.19-15.42.20:979][  0]LogUObjectArray: 38425 objects as part of root set at end of initial load.
[2018.12.19-15.42.20:979][  0]LogUObjectAllocator: 6690872 out of 0 bytes used by permanent object pool.
[2018.12.19-15.42.20:979][  0]LogUObjectArray: CloseDisregardForGC: 0/0 objects in disregard for GC pool
[2018.12.19-15.42.22:060][  0]LogSubstanceCoreModule: Substance [CPU] Engine Loaded, Max Texture Size = 2048
[2018.12.19-15.42.22:064][  0]LogTcpMessaging: Initializing TcpMessaging bridge
[2018.12.19-15.42.22:078][  0]LogUdpMessaging: Initializing bridge on interface 0.0.0.0:0 to multicast group 230.0.0.1:6666.
[2018.12.19-15.42.22:243][  0]SourceControl: Source control is disabled
[2018.12.19-15.42.22:243][  0]SourceControl: Source control is disabled
[2018.12.19-15.42.22:245][  0]SourceControl: Source control is disabled
[2018.12.19-15.42.22:246][  0]SourceControl: Source control is disabled
[2018.12.19-15.42.22:605][  0]LogAndroidPermission: UAndroidPermissionCallbackProxy::GetInstance
[2018.12.19-15.42.22:744][  0]LogOcInput: OculusInput pre-init called
[2018.12.19-15.42.25:548][  0]LogEngine: Initializing Engine...
[2018.12.19-15.42.25:549][  0]LogHMD: Failed to initialize OpenVR with code 110
[2018.12.19-15.42.25:551][  0]LogStats: UGameplayTagsManager::ConstructGameplayTagTree: ImportINI prefixes -  0.000 s
[2018.12.19-15.42.25:551][  0]LogStats: UGameplayTagsManager::ConstructGameplayTagTree: Construct from data asset -  0.000 s
[2018.12.19-15.42.25:551][  0]LogStats: UGameplayTagsManager::ConstructGameplayTagTree: ImportINI -  0.000 s
[2018.12.19-15.42.25:551][  0]LogStats: UGameplayTagsManager::ConstructGameplayTagTree: GameplayTagTreeChangedEvent.Broadcast -  0.000 s
[2018.12.19-15.42.25:811][  0]LogInit: Initializing FReadOnlyCVARCache
[2018.12.19-15.42.25:826][  0]LogAIModule: Creating AISystem for world Untitled
[2018.12.19-15.42.25:917][  0]LogInit: XAudio2 using 'VoiceMeeter Aux Input (VB-Audio VoiceMeeter AUX VAIO)' : 2 channels at 48 kHz using 16 bits per sample (channel mask 0x3)
[2018.12.19-15.42.25:926][  0]LogInit: FAudioDevice initialized.
[2018.12.19-15.42.25:927][  0]LogNetVersion: Set ProjectVersion to 1.0.0.0. Version Checksum will be recalculated on next use.
[2018.12.19-15.42.26:611][  0]LogDerivedDataCache: Saved boot cache 0.68s 72MB C:/Users/Tom/AppData/Local/UnrealEngine/4.20/DerivedDataCache/Boot.ddc.
[2018.12.19-15.42.26:622][  0]LogInit: Texture streaming: Enabled
[2018.12.19-15.42.26:643][  0]LogEngineSessionManager: EngineSessionManager initialized
[2018.12.19-15.42.26:670][  0]LogInit: Transaction tracking system initialized
[2018.12.19-15.42.26:697][  0]BlueprintLog: New page: Editor Load
[2018.12.19-15.42.26:788][  0]LocalizationService: Localization service is disabled
[2018.12.19-15.42.26:862][  0]LogLinker: Warning: Can't find file '/Game/ThirdPersonBP/ThirdPersonOverview'
[2018.12.19-15.42.26:862][  0]LogLinker: Warning: Can't find file '/Game/ThirdPersonBP/ThirdPersonOverview'
[2018.12.19-15.42.26:862][  0]LogUObjectGlobals: Warning: Failed to find object 'Class /Game/ThirdPersonBP/ThirdPersonOverview.ThirdPersonOverview_C'
[2018.12.19-15.42.27:121][  0]LogCook: Display: Max memory allowance for cook 16384mb min free memory 0mb
[2018.12.19-15.42.27:121][  0]LogFileCache: Scanning file cache for directory 'G:/TPE/__final/final/Content/' took 0.01s
[2018.12.19-15.42.27:121][  0]LogCook: Display: Mobile HDR setting 1
[2018.12.19-15.42.27:121][  0]LogGameplayTags: Display: UGameplayTagsManager::DoneAddingNativeTags. DelegateIsBound: 0
[2018.12.19-15.42.27:121][  0]LogStats: UGameplayTagsManager::ConstructGameplayTagTree: ImportINI prefixes -  0.000 s
[2018.12.19-15.42.27:121][  0]LogStats: UGameplayTagsManager::ConstructGameplayTagTree: Construct from data asset -  0.000 s
[2018.12.19-15.42.27:121][  0]LogStats: UGameplayTagsManager::ConstructGameplayTagTree: ImportINI -  0.000 s
[2018.12.19-15.42.27:121][  0]LogStats: UGameplayTagsManager::ConstructGameplayTagTree: GameplayTagTreeChangedEvent.Broadcast -  0.000 s
[2018.12.19-15.42.28:887][  0]SourceControl: Source control is disabled
[2018.12.19-15.42.28:887][  0]Cmd: MAP LOAD FILE="../../../Engine/Content/Maps/Templates/Template_Default.umap" TEMPLATE=1 SHOWPROGRESS=1 FEATURELEVEL=3
[2018.12.19-15.42.28:888][  0]LightingResults: New page: Lighting Build
[2018.12.19-15.42.28:891][  0]MapCheck: New page: Map Check
[2018.12.19-15.42.28:891][  0]LightingResults: New page: Lighting Build
[2018.12.19-15.42.29:212][  0]LogAIModule: Creating AISystem for world Untitled_1
[2018.12.19-15.42.29:220][  0]LogEditorServer: Finished looking for orphan Actors (0.000 secs)
[2018.12.19-15.42.29:253][  0]Cmd: MAP CHECKDEP NOCLEARLOG
[2018.12.19-15.42.29:363][  0]MapCheck: Map check complete: 0 Error(s), 0 Warning(s), took 109,499ms to complete.
[2018.12.19-15.42.29:363][  0]LogFileHelpers: Loading map 'Template_Default' took 0.476
[2018.12.19-15.42.29:522][  0]LogSlate: Updating window title bar state: overlay mode, drag disabled, window buttons hidden, title bar hidden
[2018.12.19-15.42.29:531][  0]LogSlate: Updating window title bar state: overlay mode, drag disabled, window buttons hidden, title bar hidden
[2018.12.19-15.42.29:540][  0]LogSlate: Updating window title bar state: overlay mode, drag disabled, window buttons hidden, title bar hidden
[2018.12.19-15.42.29:548][  0]LogSlate: Updating window title bar state: overlay mode, drag disabled, window buttons hidden, title bar hidden
[2018.12.19-15.42.29:555][  0]LogCollectionManager: Loaded 0 collections in 0.001543 seconds
[2018.12.19-15.42.29:607][  0]LogFileCache: Scanning file cache for directory 'G:/TPE/__final/final/Saved/Collections/' took 0.01s
[2018.12.19-15.42.29:607][  0]LogFileCache: Scanning file cache for directory 'G:/TPE/__final/final/Content/Developers/Tom/Collections/' took 0.01s
[2018.12.19-15.42.29:607][  0]LogFileCache: Scanning file cache for directory 'G:/TPE/__final/final/Content/Collections/' took 0.01s
[2018.12.19-15.42.29:607][  0]LogCollectionManager: Rebuilt the GUID cache for 0 collections in 0.000001 seconds
[2018.12.19-15.42.29:619][  0]LogContentBrowser: Native class hierarchy populated in 0.0114 seconds. Added 2636 classes and 638 folders.
[2018.12.19-15.42.29:625][  0]LogContentBrowser: Native class hierarchy updated for 'WidgetCarousel' in 0.0003 seconds. Added 0 classes and 0 folders.
[2018.12.19-15.42.29:686][  0]LogContentBrowser: Native class hierarchy updated for 'AddContentDialog' in 0.0003 seconds. Added 0 classes and 0 folders.
[2018.12.19-15.42.29:690][  0]LogContentBrowser: Native class hierarchy updated for 'SceneOutliner' in 0.0003 seconds. Added 1 classes and 2 folders.
[2018.12.19-15.42.29:787][  0]LogDirectoryWatcher: Warning: Failed to begin reading directory changes for G:/TPE/__final/final/Plugins/. Error: Le fichier spécifié est introuvable. (0x00000002)
[2018.12.19-15.42.29:802][  0]LogSlate: Took 0.000366 seconds to synchronously load lazily loaded font '../../../Engine/Content/Slate/Fonts/Roboto-Regular.ttf' (155K)
[2018.12.19-15.42.29:804][  0]LogSlate: Took 0.000257 seconds to synchronously load lazily loaded font '../../../Engine/Content/Slate/Fonts/Roboto-Bold.ttf' (160K)
[2018.12.19-15.42.29:814][  0]LogSlate: Took 0.000269 seconds to synchronously load lazily loaded font '../../../Engine/Content/Editor/Slate/Fonts/FontAwesome.ttf' (139K)
[2018.12.19-15.42.29:913][  0]LogRenderer: Reallocating scene render targets to support 1208x600 Format 10 NumSamples 1 (Frame:1).
[2018.12.19-15.42.30:131][  0]LogContentBrowser: Native class hierarchy updated for 'HierarchicalLODOutliner' in 0.0003 seconds. Added 0 classes and 0 folders.
[2018.12.19-15.42.30:131][  0]LogLoad: (Engine Initialization) Total time: 18.77 seconds
[2018.12.19-15.42.30:131][  0]LogLoad: (Engine Initialization) Total Blueprint compile time: 0.00 seconds
[2018.12.19-15.42.30:142][  0]LogWindowsTextInputMethodSystem: Display: IME system now deactivated.
[2018.12.19-15.42.30:198][  0]LogContentStreaming: Texture pool size now 1000 MB
[2018.12.19-15.42.30:216][  1]LogSubstanceLiveLink: Warning: Unable to send data along socket, closing connection
[2018.12.19-15.42.30:235][  1]LogAssetRegistry: Asset discovery search completed in 11.0491 seconds
[2018.12.19-15.42.30:237][  1]LogCollectionManager: Rebuilt the object cache for 0 collections in 0.000001 seconds (found 0 objects)
[2018.12.19-15.42.30:237][  1]LogCollectionManager: Fixed up redirectors for 0 collections in 0.000057 seconds (updated 0 objects)
[2018.12.19-15.42.33:153][311]LogSlate: FSceneViewport::OnFocusLost() reason 0
[2018.12.19-15.42.33:247][322]LogSlate: Window 'Plugins' being destroyed
[2018.12.19-15.42.33:252][322]LogSlate: Window 'Plugins' being destroyed
[2018.12.19-15.42.33:252][322]LogDirectoryWatcher: A directory notification for '../../../Engine/Plugins/' was aborted.
[2018.12.19-15.42.33:252][322]LogDirectoryWatcher: A directory notification for 'E:/Program Files/Epic Games/UE_4.20/Enterprise/Plugins/' was aborted.
[2018.12.19-15.45.14:297][418]LogSlate: FSceneViewport::OnFocusLost() reason 2
[2018.12.19-15.45.21:923][314]LogSlate: Took 0.000232 seconds to synchronously load lazily loaded font '../../../Engine/Content/Slate/Fonts/Roboto-Light.ttf' (167K)
[2018.12.19-15.45.21:930][314]LogAssetEditorManager: Opening Asset editor for LevelScriptBlueprint /Temp/Untitled_1.Untitled_1:PersistentLevel.Untitled
[2018.12.19-15.45.22:514][314]LogContentBrowser: Native class hierarchy updated for 'BlueprintGraph' in 0.0010 seconds. Added 116 classes and 0 folders.
[2018.12.19-15.45.23:359][314]LogSlate: Took 0.000372 seconds to synchronously load lazily loaded font '../../../Engine/Content/Slate/Fonts/Roboto-BoldCondensed.ttf' (158K)
[2018.12.19-15.45.30:748][ 13]LogLinker: Can't find file '/Game/ThirdPersonBP/Maps/ThirdPersonExampleMap'
[2018.12.19-15.45.30:748][ 13]LogLinker: Can't find file '/Game/ThirdPersonBP/Maps/ThirdPersonExampleMap'
[2018.12.19-15.45.30:748][ 13]LogProperty: Warning: ObjectProperty /Script/BlueprintGraph.K2Node_Literal:ObjectRef: unresolved reference to 'CameraActor'"/Game/ThirdPersonBP/Maps/ThirdPersonExampleMap.ThirdPersonExampleMap:PersistentLevel.CameraActor_1"''
[2018.12.19-15.45.31:104][ 14]LogSlate: Took 0.000324 seconds to synchronously load lazily loaded font '../../../Engine/Content/Slate/Fonts/Roboto-Italic.ttf' (157K)
[2018.12.19-15.45.53:236][ 72]LogSlate: FSceneViewport::OnFocusLost() reason 0
[2018.12.19-15.46.05:300][298]EditorErrors: New page: Actor attachment
[2018.12.19-15.46.36:378][453]BlueprintLog: New page: Compile Untitled
[2018.12.19-15.46.37:555][524]LogSlate: Window 'Untitled* - Level Blueprint Editor' being destroyed
[2018.12.19-15.46.37:562][524]LogSlate: Window 'Untitled* - Level Blueprint Editor' being destroyed
[2018.12.19-15.46.44:968][369]LogSlate: FSceneViewport::OnFocusLost() reason 0
[2018.12.19-15.46.57:813][898]LogSlate: FSceneViewport::OnFocusLost() reason 0
[2018.12.19-15.46.57:896][908]LogTemp: Repeating last play command: Selected Viewport
[2018.12.19-15.46.57:912][908]LogBlueprintUserMessages: Early PlayInEditor Detection: Level '/Temp/Untitled_1.Untitled_1:PersistentLevel' has LevelScriptBlueprint '/Temp/Untitled_1.Untitled_1:PersistentLevel.Untitled' with GeneratedClass '/Temp/Untitled_1.Untitled_C' with ClassGeneratedBy '/Temp/Untitled_1.Untitled_1:PersistentLevel.Untitled'
[2018.12.19-15.46.57:912][908]LogPlayLevel: PlayLevel: No blueprints needed recompiling
[2018.12.19-15.46.57:925][908]PIE: New page: PIE session: Untitled_1 (19 déc. 2018 17:46:57)
[2018.12.19-15.46.57:925][908]LogPlayLevel: Creating play world package: /Temp/UEDPIE_0_Untitled_1
[2018.12.19-15.46.57:929][908]LogPlayLevel: PIE: StaticDuplicateObject took: (0.003536s)
[2018.12.19-15.46.57:930][908]LogAIModule: Creating AISystem for world Untitled_1
[2018.12.19-15.46.57:930][908]LogPlayLevel: PIE: World Init took: (0.000834s)
[2018.12.19-15.46.57:930][908]LogPlayLevel: PIE: Created PIE world by copying editor world from /Temp/Untitled_1.Untitled_1 to /Temp/UEDPIE_0_Untitled_1.Untitled_1 (0.004536s)
[2018.12.19-15.46.58:017][908]LogInit: XAudio2 using 'VoiceMeeter Aux Input (VB-Audio VoiceMeeter AUX VAIO)' : 2 channels at 48 kHz using 16 bits per sample (channel mask 0x3)
[2018.12.19-15.46.58:023][908]LogInit: FAudioDevice initialized.
[2018.12.19-15.46.58:067][908]LogLoad: Game class is 'GameModeBase'
[2018.12.19-15.46.58:069][908]LogWorld: Bringing World /Temp/UEDPIE_0_Untitled_1.Untitled_1 up for play (max tick rate 0) at 2018.12.19-16.46.58
[2018.12.19-15.46.58:069][908]LogWorld: Bringing up level for play took: 0.001087
[2018.12.19-15.46.58:101][908]LogContentBrowser: Native class hierarchy updated for 'MovieSceneCapture' in 0.0003 seconds. Added 10 classes and 0 folders.
[2018.12.19-15.46.58:106][908]PIE: Play in editor start time for /Temp/UEDPIE_0_Untitled_1 0,837
[2018.12.19-15.46.58:106][908]LogBlueprintUserMessages: Late PlayInEditor Detection: Level '/Temp/Untitled_1.Untitled_1:PersistentLevel' has LevelScriptBlueprint '/Temp/Untitled_1.Untitled_1:PersistentLevel.Untitled' with GeneratedClass '/Temp/Untitled_1.Untitled_C' with ClassGeneratedBy '/Temp/Untitled_1.Untitled_1:PersistentLevel.Untitled'
[2018.12.19-15.47.00:936][240]LogBlueprintUserMessages: Early EndPlayMap Detection: Level '/Temp/Untitled_1.Untitled_1:PersistentLevel' has LevelScriptBlueprint '/Temp/Untitled_1.Untitled_1:PersistentLevel.Untitled' with GeneratedClass '/Temp/Untitled_1.Untitled_C' with ClassGeneratedBy '/Temp/Untitled_1.Untitled_1:PersistentLevel.Untitled'
[2018.12.19-15.47.00:936][240]LogSlate: Updating window title bar state: overlay mode, drag disabled, window buttons hidden, title bar hidden
[2018.12.19-15.47.00:973][240]LogPlayLevel: Display: Shutting down PIE online subsystems
[2018.12.19-15.47.00:973][240]LogBlueprintUserMessages: Late EndPlayMap Detection: Level '/Temp/Untitled_1.Untitled_1:PersistentLevel' has LevelScriptBlueprint '/Temp/Untitled_1.Untitled_1:PersistentLevel.Untitled' with GeneratedClass '/Temp/Untitled_1.Untitled_C' with ClassGeneratedBy '/Temp/Untitled_1.Untitled_1:PersistentLevel.Untitled'
[2018.12.19-15.47.01:007][240]LogSlate: Updating window title bar state: overlay mode, drag disabled, window buttons hidden, title bar hidden
[2018.12.19-15.47.01:036][242]LogPlayLevel: Display: Destroying online subsystem :Context_2
[2018.12.19-15.47.03:386][516]LogSlate: FSceneViewport::OnFocusLost() reason 2
[2018.12.19-15.47.04:818][683]LogSlate: FSceneViewport::OnFocusLost() reason 2
[2018.12.19-15.47.07:660][683]LogSlate: Only BGRA pngs, bmps or icos are supported in by External Image Picker
[2018.12.19-15.47.10:084][684]LogTemp: Executing iPhonePackager certificates Engine -bundlename com.YourCompany.final
[2018.12.19-15.47.10:084][684]LogTemp: CWD: E:\Program Files\Epic Games\UE_4.20\Engine\Binaries\DotNET\IOS
[2018.12.19-15.47.10:084][684]LogTemp: Initial Dir: E:\Program Files\Epic Games\UE_4.20
[2018.12.19-15.47.10:084][684]LogTemp: Env CWD: E:\Program Files\Epic Games\UE_4.20\Engine\Binaries\DotNET\IOS
[2018.12.19-15.47.10:084][684]LogTemp: BranchPath = DESKTOP-A93TP3P/E/Program Files/Epic Games/UE_4.20/Engine/Binaries --- GameBranchPath = DESKTOP-A93TP3P/E/Program Files/Epic Games/UE_4.20/Engine/Binaries
[2018.12.19-15.47.10:085][684]LogTemp: IPP ERROR: Could not find provision directory 'C:\Users\Tom\AppData\Local/Apple Computer/MobileDevice/Provisioning Profiles/'.
[2018.12.19-15.49.26:266][173]LogSlate: Window 'Project Settings' being destroyed
[2018.12.19-15.49.26:271][173]LogSlate: Window 'Project Settings' being destroyed
[2018.12.19-15.49.29:478][496]LogEditorViewport: Clicking on Actor (LMB): StaticMeshActor (Floor)
[2018.12.19-15.49.30:817][654]LogSlate: FSceneViewport::OnFocusLost() reason 0
[2018.12.19-15.49.33:811][984]LogEditorViewport: Clicking on Actor (LMB): CameraActor (CameraActor)
[2018.12.19-15.49.40:631][747]LogSlate: FSceneViewport::OnFocusLost() reason 2
[2018.12.19-15.49.41:362][832]LogSlate: FSceneViewport::OnFocusLost() reason 2
[2018.12.19-15.49.42:379][832]LogSlate: Only BGRA pngs, bmps or icos are supported in by External Image Picker
[2018.12.19-15.49.44:695][833]LogTemp: Executing iPhonePackager certificates Engine -bundlename com.YourCompany.final
[2018.12.19-15.49.44:695][833]LogTemp: CWD: E:\Program Files\Epic Games\UE_4.20\Engine\Binaries\DotNET\IOS
[2018.12.19-15.49.44:695][833]LogTemp: Initial Dir: E:\Program Files\Epic Games\UE_4.20
[2018.12.19-15.49.44:695][833]LogTemp: Env CWD: E:\Program Files\Epic Games\UE_4.20\Engine\Binaries\DotNET\IOS
[2018.12.19-15.49.44:695][833]LogTemp: BranchPath = DESKTOP-A93TP3P/E/Program Files/Epic Games/UE_4.20/Engine/Binaries --- GameBranchPath = DESKTOP-A93TP3P/E/Program Files/Epic Games/UE_4.20/Engine/Binaries
[2018.12.19-15.49.44:695][833]LogTemp: IPP ERROR: Could not find provision directory 'C:\Users\Tom\AppData\Local/Apple Computer/MobileDevice/Provisioning Profiles/'.
[2018.12.19-15.50.09:544][365]LogSlate: Window 'Project Settings' being destroyed
[2018.12.19-15.50.09:549][365]LogSlate: Window 'Project Settings' being destroyed
[2018.12.19-15.50.10:127][412]LogSlate: FSceneViewport::OnFocusLost() reason 0
[2018.12.19-15.50.16:910][136]LogRenderer: Reallocating scene render targets to support 1208x608 Format 10 NumSamples 1 (Frame:38280).
[2018.12.19-15.50.16:983][137]LogRenderer: Reallocating scene render targets to support 1208x628 Format 10 NumSamples 1 (Frame:38284).
[2018.12.19-15.50.17:062][138]LogRenderer: Reallocating scene render targets to support 1208x632 Format 10 NumSamples 1 (Frame:38288).
[2018.12.19-15.50.19:353][363]LogSlate: Took 0.000239 seconds to synchronously load lazily loaded font '../../../Engine/Content/Slate/Fonts/Roboto-Light.ttf' (167K)
[2018.12.19-15.51.50:704][709]LogSlate: Window 'Pick Parent Class' being destroyed
[2018.12.19-15.51.55:075][195]LogAssetEditorManager: Opening Asset editor for Blueprint /Game/Charactere/Lumos/Lumos.Lumos
[2018.12.19-15.52.33:017][452]LogLinker: Can't find file '/Game/ThirdPersonBP/Blueprints/Lumos'
[2018.12.19-15.52.33:017][452]LogLinker: Can't find file '/Game/ThirdPersonBP/Blueprints/Lumos'
[2018.12.19-15.53.49:575][ 32]BlueprintLog: New page: Compile Lumos
[2018.12.19-15.53.52:040][236]LogSlate: Window 'Lumos*' being destroyed
[2018.12.19-15.53.52:046][236]LogSlate: Window 'Lumos*' being destroyed
[2018.12.19-15.54.26:192][680]Cmd: OBJ SAVEPACKAGE PACKAGE="/Temp/Untitled_1" FILE="G:/TPE/__final/final/Saved/Autosaves/Temp/Untitled_1_Auto1.umap" SILENT=true AUTOSAVING=true KEEPDIRTY=false
[2018.12.19-15.54.26:753][680]LogSavePackage: Moving 'G:/TPE/__final/final/Saved/Untitled_1_Auto1731BE41E4DD1A2EAC4BCBB9F20C2AC80.tmp' to 'G:/TPE/__final/final/Saved/Autosaves/Temp/Untitled_1_Auto1.umap'
[2018.12.19-15.54.26:776][680]LogFileHelpers: Editor autosave (incl. sublevels) for '/Temp/Untitled_1' took 0.619
[2018.12.19-15.54.26:776][680]LogFileHelpers: Editor autosave (incl. sublevels) for all levels took 0.619
[2018.12.19-15.54.26:780][680]OBJ SavePackage: Generating thumbnails for [0] asset(s) in package [/Game/Charactere/Lumos/Lumos] ([1] browsable assets)...
[2018.12.19-15.54.26:780][680]OBJ SavePackage: Finished generating thumbnails for package [/Game/Charactere/Lumos/Lumos]
[2018.12.19-15.54.26:780][680]Cmd: OBJ SAVEPACKAGE PACKAGE="/Game/Charactere/Lumos/Lumos" FILE="G:/TPE/__final/final/Saved/Autosaves/Game/Charactere/Lumos/Lumos_Auto1.uasset" SILENT=false AUTOSAVING=true
[2018.12.19-15.54.26:807][680]LogSavePackage: Moving 'G:/TPE/__final/final/Saved/Lumos_Auto176AB1B314C7C03364CD674AA24862D23.tmp' to 'G:/TPE/__final/final/Saved/Autosaves/Game/Charactere/Lumos/Lumos_Auto1.uasset'
[2018.12.19-15.54.26:807][680]LogFileHelpers: Auto-saving content packages took 0.029
[2018.12.19-15.58.51:631][473]LogSlate: FSceneViewport::OnFocusLost() reason 0
[2018.12.19-16.01.36:256][796]LogAssetEditorManager: Opening Asset editor for Blueprint /Game/Charactere/Lumos/Lumos.Lumos
[2018.12.19-16.01.44:593][438]LogRenderer: Reallocating scene render targets to support 1208x744 Format 10 NumSamples 1 (Frame:1).
[2018.12.19-16.04.22:097][721]LogSlate: FSceneViewport::OnFocusLost() reason 0
[2018.12.19-16.05.20:929][ 35]LogFileHelpers: Editor autosave (incl. sublevels) for '/Temp/Untitled_1' took 0.039
[2018.12.19-16.05.20:930][ 35]OBJ SavePackage: Generating thumbnails for [0] asset(s) in package [/Game/Charactere/Lumos/Lumos] ([1] browsable assets)...
[2018.12.19-16.05.20:931][ 35]OBJ SavePackage: Finished generating thumbnails for package [/Game/Charactere/Lumos/Lumos]
[2018.12.19-16.05.20:931][ 35]Cmd: OBJ SAVEPACKAGE PACKAGE="/Game/Charactere/Lumos/Lumos" FILE="G:/TPE/__final/final/Saved/Autosaves/Game/Charactere/Lumos/Lumos_Auto2.uasset" SILENT=false AUTOSAVING=true
[2018.12.19-16.05.20:956][ 35]LogSavePackage: Moving 'G:/TPE/__final/final/Saved/Lumos_Auto2AAD0A8E046333C68A486A59885648BE7.tmp' to 'G:/TPE/__final/final/Saved/Autosaves/Game/Charactere/Lumos/Lumos_Auto2.uasset'
[2018.12.19-16.05.20:958][ 35]LogFileHelpers: Auto-saving content packages took 0.027
[2018.12.19-16.09.46:661][351]LogDirectoryWatcher: Warning: Failed to begin reading directory changes for G:/TPE/__final/final/Plugins/. Error: Le fichier spécifié est introuvable. (0x00000002)
[2018.12.19-16.10.06:206][620]LogSlate: Window 'New Plugin' being destroyed
[2018.12.19-16.10.06:213][620]LogSlate: Window 'New Plugin' being destroyed
[2018.12.19-16.10.20:383][282]LogSlate: Window 'Plugins' being destroyed
[2018.12.19-16.10.20:390][282]LogSlate: Window 'Plugins' being destroyed
[2018.12.19-16.10.20:390][282]LogDirectoryWatcher: A directory notification for '../../../Engine/Plugins/' was aborted.
[2018.12.19-16.10.20:390][282]LogDirectoryWatcher: A directory notification for 'E:/Program Files/Epic Games/UE_4.20/Enterprise/Plugins/' was aborted.
[2018.12.19-16.13.51:208][233]LogEditorViewport: Clicking on Actor (LMB): BP_Sky_Sphere_C (Sky Sphere)
[2018.12.19-16.13.56:596][867]LogSlate: FSceneViewport::OnFocusLost() reason 0
[2018.12.19-16.14.00:858][368]LogEditorViewport: Clicking on Actor (LMB): BP_Sky_Sphere_C (Sky Sphere)
[2018.12.19-16.14.03:025][622]LogSlate: FSceneViewport::OnFocusLost() reason 0
[2018.12.19-16.14.05:905][963]LogEditorViewport: Clicking on Actor (context menu): BP_Sky_Sphere_C (Sky Sphere)
[2018.12.19-16.14.06:084][963]LogSlate: FSceneViewport::OnFocusLost() reason 2
[2018.12.19-16.14.12:393][635]LogEditorViewport: Clicking on Actor (LMB): BP_Sky_Sphere_C (Sky Sphere)
[2018.12.19-16.14.17:629][214]LogEditorViewport: Clicking on Actor (LMB): BP_Sky_Sphere_C (Sky Sphere)
[2018.12.19-16.14.18:053][258]LogEditorViewport: Clicking on Actor (LMB): BP_Sky_Sphere_C (Sky Sphere)
[2018.12.19-16.14.18:138][265]LogEditorViewport: Clicking on Component (LMB): StaticMeshComponent (Sky Sphere mesh)
[2018.12.19-16.14.18:737][336]LogEditorViewport: Clicking on Component (LMB): StaticMeshComponent (Sky Sphere mesh)
[2018.12.19-16.14.20:007][486]LogSlate: FSceneViewport::OnFocusLost() reason 0
[2018.12.19-16.14.38:223][481]LogAssetEditorManager: Opening Asset editor for Blueprint /Engine/EngineSky/BP_Sky_Sphere.BP_Sky_Sphere
[2018.12.19-16.15.27:983][587]LogSlate: Window 'BP_Sky_Sphere' being destroyed
[2018.12.19-16.15.27:988][587]LogSlate: Window 'BP_Sky_Sphere' being destroyed
[2018.12.19-16.15.28:077][587]LogActorComponent: UnregisterComponent: (/Engine/Transient.EditorFloorComp) Not registered. Aborting.
[2018.12.19-16.15.51:282][296]LogSlate: FSceneViewport::OnFocusLost() reason 0
[2018.12.19-16.16.46:042][630]LogTemp: Repeating last play command: Selected Viewport
[2018.12.19-16.16.46:063][630]LogBlueprintUserMessages: Early PlayInEditor Detection: Level '/Temp/Untitled_1.Untitled_1:PersistentLevel' has LevelScriptBlueprint '/Temp/Untitled_1.Untitled_1:PersistentLevel.Untitled' with GeneratedClass '/Temp/Untitled_1.Untitled_C' with ClassGeneratedBy '/Temp/Untitled_1.Untitled_1:PersistentLevel.Untitled'
[2018.12.19-16.16.46:063][630]LogPlayLevel: PlayLevel: No blueprints needed recompiling
[2018.12.19-16.16.46:063][630]PIE: New page: PIE session: Untitled_1 (19 déc. 2018 18:16:46)
[2018.12.19-16.16.46:063][630]LogPlayLevel: Creating play world package: /Temp/UEDPIE_0_Untitled_1
[2018.12.19-16.16.46:066][630]LogPlayLevel: PIE: StaticDuplicateObject took: (0.003137s)
[2018.12.19-16.16.46:067][630]LogAIModule: Creating AISystem for world Untitled_1
[2018.12.19-16.16.46:067][630]LogPlayLevel: PIE: World Init took: (0.000835s)
[2018.12.19-16.16.46:067][630]LogPlayLevel: PIE: Created PIE world by copying editor world from /Temp/Untitled_1.Untitled_1 to /Temp/UEDPIE_0_Untitled_1.Untitled_1 (0.004111s)
[2018.12.19-16.16.46:122][630]LogInit: XAudio2 using 'VoiceMeeter Aux Input (VB-Audio VoiceMeeter AUX VAIO)' : 2 channels at 48 kHz using 16 bits per sample (channel mask 0x3)
[2018.12.19-16.16.46:128][630]LogInit: FAudioDevice initialized.
[2018.12.19-16.16.46:162][630]LogLoad: Game class is 'GameModeBase'
[2018.12.19-16.16.46:163][630]LogWorld: Bringing World /Temp/UEDPIE_0_Untitled_1.Untitled_1 up for play (max tick rate 0) at 2018.12.19-17.16.46
[2018.12.19-16.16.46:163][630]LogWorld: Bringing up level for play took: 0.000712
[2018.12.19-16.16.46:176][630]PIE: Play in editor start time for /Temp/UEDPIE_0_Untitled_1 0,908
[2018.12.19-16.16.46:176][630]LogBlueprintUserMessages: Late PlayInEditor Detection: Level '/Temp/Untitled_1.Untitled_1:PersistentLevel' has LevelScriptBlueprint '/Temp/Untitled_1.Untitled_1:PersistentLevel.Untitled' with GeneratedClass '/Temp/Untitled_1.Untitled_C' with ClassGeneratedBy '/Temp/Untitled_1.Untitled_1:PersistentLevel.Untitled'
[2018.12.19-16.16.48:945][958]LogBlueprintUserMessages: Early EndPlayMap Detection: Level '/Temp/Untitled_1.Untitled_1:PersistentLevel' has LevelScriptBlueprint '/Temp/Untitled_1.Untitled_1:PersistentLevel.Untitled' with GeneratedClass '/Temp/Untitled_1.Untitled_C' with ClassGeneratedBy '/Temp/Untitled_1.Untitled_1:PersistentLevel.Untitled'
[2018.12.19-16.16.48:945][958]LogSlate: Updating window title bar state: overlay mode, drag disabled, window buttons hidden, title bar hidden
[2018.12.19-16.16.48:980][958]LogPlayLevel: Display: Shutting down PIE online subsystems
[2018.12.19-16.16.48:980][958]LogBlueprintUserMessages: Late EndPlayMap Detection: Level '/Temp/Untitled_1.Untitled_1:PersistentLevel' has LevelScriptBlueprint '/Temp/Untitled_1.Untitled_1:PersistentLevel.Untitled' with GeneratedClass '/Temp/Untitled_1.Untitled_C' with ClassGeneratedBy '/Temp/Untitled_1.Untitled_1:PersistentLevel.Untitled'
[2018.12.19-16.16.49:016][958]LogSlate: Updating window title bar state: overlay mode, drag disabled, window buttons hidden, title bar hidden
[2018.12.19-16.16.49:049][960]LogPlayLevel: Display: Destroying online subsystem :Context_7
[2018.12.19-16.16.50:461][129]LogEditorViewport: Clicking on Actor (LMB): StaticMeshActor (Floor)
[2018.12.19-16.16.51:898][299]LogSlate: FSceneViewport::OnFocusLost() reason 0
[2018.12.19-16.16.53:208][445]LogEditorActor: Deleted Actor: BoxReflectionCapture
[2018.12.19-16.16.53:244][445]LogEditorActor: Deleted 1 Actors (0.108 secs)
[2018.12.19-16.17.28:111][412]Cmd: OBJ SAVEPACKAGE PACKAGE="/Temp/Untitled_1" FILE="G:/TPE/__final/final/Saved/Autosaves/Temp/Untitled_1_Auto3.umap" SILENT=true AUTOSAVING=true KEEPDIRTY=false
[2018.12.19-16.17.28:321][412]LogSavePackage: Moving 'G:/TPE/__final/final/Saved/Untitled_1_Auto310A6DC1E46B4689C1BF542BBEAA2AF04.tmp' to 'G:/TPE/__final/final/Saved/Autosaves/Temp/Untitled_1_Auto3.umap'
[2018.12.19-16.17.28:326][412]LogFileHelpers: Editor autosave (incl. sublevels) for '/Temp/Untitled_1' took 0.245
[2018.12.19-16.17.28:327][412]LogFileHelpers: Editor autosave (incl. sublevels) for all levels took 0.245
